<?xml version="1.0" encoding="UTF-8"?>
<!-- Generated by org.testng.reporters.JUnitReportReporter -->
<testsuite hostname="DESKTOP-1KCIL3B" failures="0" tests="2" name="Tests.LoginTest" time="5.069" errors="0" timestamp="2025-10-08T12:25:04 IST" skipped="0">
  <testcase classname="Tests.LoginTest" name="verifyInvalidLogin" time="2.839"/>
  <testcase classname="Tests.LoginTest" name="verifyValidLogin" time="2.230"/>
</testsuite> <!-- Tests.LoginTest -->
